Determining size of off64_t failed with the following output:
Change Dir: C:/Users/Simon/Documents/Cours/3A/Prog3D/TD1_RayTraycing/mds3d_td1/out/build/x64-Debug (par dÃ©faut)/CMakeFiles/CMakeTmp

Run Build Command(s):C:/Program Files (x86)/Microsoft Visual Studio/2019/Community/Common7/IDE/CommonExtensions/Microsoft/CMake/Ninja/ninja.exe cmTC_1025f && [1/2] Building C object CMakeFiles\cmTC_1025f.dir\OFF64_T.c.obj
FAILED: CMakeFiles/cmTC_1025f.dir/OFF64_T.c.obj 
C:\PROGRA~2\MICROS~1\2019\COMMUN~1\VC\Tools\MSVC\1428~1.293\bin\Hostx64\x64\cl.exe  /nologo -DHAVE_STDDEF_H -DHAVE_STDINT_H -DHAVE_SYS_TYPES_H -D_LARGEFILE64_SOURCE=1  /DWIN32 /D_WINDOWS /W3  /MDd /Zi /Ob0 /Od /RTC1 /showIncludes /FoCMakeFiles\cmTC_1025f.dir\OFF64_T.c.obj /FdCMakeFiles\cmTC_1025f.dir\ /FS -c "C:\Users\Simon\Documents\Cours\3A\Prog3D\TD1_RayTraycing\mds3d_td1\out\build\x64-Debug (par défaut)\CMakeFiles\CheckTypeSize\OFF64_T.c"
RemarqueÂ : inclusion du fichierÂ :  C:\Program Files (x86)\Windows Kits\10\include\10.0.18362.0\ucrt\sys/types.h
RemarqueÂ : inclusion du fichierÂ :  C:\Program Files (x86)\Microsoft Visual Studio\2019\Community\VC\Tools\MSVC\14.28.29333\include\stdint.h
RemarqueÂ : inclusion du fichierÂ :   C:\Program Files (x86)\Microsoft Visual Studio\2019\Community\VC\Tools\MSVC\14.28.29333\include\vcruntime.h
RemarqueÂ : inclusion du fichierÂ :    C:\Program Files (x86)\Microsoft Visual Studio\2019\Community\VC\Tools\MSVC\14.28.29333\include\sal.h
RemarqueÂ : inclusion du fichierÂ :     C:\Program Files (x86)\Microsoft Visual Studio\2019\Community\VC\Tools\MSVC\14.28.29333\include\concurrencysal.h
RemarqueÂ : inclusion du fichierÂ :    C:\Program Files (x86)\Microsoft Visual Studio\2019\Community\VC\Tools\MSVC\14.28.29333\include\vadefs.h
RemarqueÂ : inclusion du fichierÂ :  C:\Program Files (x86)\Windows Kits\10\include\10.0.18362.0\ucrt\stddef.h
RemarqueÂ : inclusion du fichierÂ :   C:\Program Files (x86)\Windows Kits\10\include\10.0.18362.0\ucrt\corecrt.h
C:\Users\Simon\Documents\Cours\3A\Prog3D\TD1_RayTraycing\mds3d_td1\out\build\x64-Debug (par dÃ©faut)\CMakeFiles\CheckTypeSize\OFF64_T.c(29): error C2065: 'off64_t'Â : identificateur non dÃ©clarÃ©
C:\Users\Simon\Documents\Cours\3A\Prog3D\TD1_RayTraycing\mds3d_td1\out\build\x64-Debug (par dÃ©faut)\CMakeFiles\CheckTypeSize\OFF64_T.c(30): error C2065: 'off64_t'Â : identificateur non dÃ©clarÃ©
C:\Users\Simon\Documents\Cours\3A\Prog3D\TD1_RayTraycing\mds3d_td1\out\build\x64-Debug (par dÃ©faut)\CMakeFiles\CheckTypeSize\OFF64_T.c(31): error C2065: 'off64_t'Â : identificateur non dÃ©clarÃ©
C:\Users\Simon\Documents\Cours\3A\Prog3D\TD1_RayTraycing\mds3d_td1\out\build\x64-Debug (par dÃ©faut)\CMakeFiles\CheckTypeSize\OFF64_T.c(32): error C2065: 'off64_t'Â : identificateur non dÃ©clarÃ©
C:\Users\Simon\Documents\Cours\3A\Prog3D\TD1_RayTraycing\mds3d_td1\out\build\x64-Debug (par dÃ©faut)\CMakeFiles\CheckTypeSize\OFF64_T.c(33): error C2065: 'off64_t'Â : identificateur non dÃ©clarÃ©
ninja: build stopped: subcommand failed.


C:/Users/Simon/Documents/Cours/3A/Prog3D/TD1_RayTraycing/mds3d_td1/out/build/x64-Debug (par dÃ©faut)/CMakeFiles/CheckTypeSize/OFF64_T.c:
#include <sys/types.h>
#include <stdint.h>
#include <stddef.h>


#undef KEY
#if defined(__i386)
# define KEY '_','_','i','3','8','6'
#elif defined(__x86_64)
# define KEY '_','_','x','8','6','_','6','4'
#elif defined(__PPC64__)
# define KEY '_','_','P','P','C','6','4','_','_'
#elif defined(__ppc64__)
# define KEY '_','_','p','p','c','6','4','_','_'
#elif defined(__PPC__)
# define KEY '_','_','P','P','C','_','_'
#elif defined(__ppc__)
# define KEY '_','_','p','p','c','_','_'
#elif defined(__aarch64__)
# define KEY '_','_','a','a','r','c','h','6','4','_','_'
#elif defined(__ARM_ARCH_7A__)
# define KEY '_','_','A','R','M','_','A','R','C','H','_','7','A','_','_'
#elif defined(__ARM_ARCH_7S__)
# define KEY '_','_','A','R','M','_','A','R','C','H','_','7','S','_','_'
#endif

#define SIZE (sizeof(off64_t))
static char info_size[] =  {'I', 'N', 'F', 'O', ':', 's','i','z','e','[',
  ('0' + ((SIZE / 10000)%10)),
  ('0' + ((SIZE / 1000)%10)),
  ('0' + ((SIZE / 100)%10)),
  ('0' + ((SIZE / 10)%10)),
  ('0' +  (SIZE    % 10)),
  ']',
#ifdef KEY
  ' ','k','e','y','[', KEY, ']',
#endif
  '\0'};

#ifdef __CLASSIC_C__
int main(argc, argv) int argc; char *argv[];
#else
int main(int argc, char *argv[])
#endif
{
  int require = 0;
  require += info_size[argc];
  (void)argv;
  return require;
}


Determining if the function fseeko exists failed with the following output:
Change Dir: C:/Users/Simon/Documents/Cours/3A/Prog3D/TD1_RayTraycing/mds3d_td1/out/build/x64-Debug (par dÃ©faut)/CMakeFiles/CMakeTmp

Run Build Command(s):C:/Program Files (x86)/Microsoft Visual Studio/2019/Community/Common7/IDE/CommonExtensions/Microsoft/CMake/Ninja/ninja.exe cmTC_190ed && [1/2] Building C object CMakeFiles\cmTC_190ed.dir\CheckFunctionExists.c.obj
[2/2] Linking C executable cmTC_190ed.exe
FAILED: cmTC_190ed.exe 
cmd.exe /C "cd . && "C:\Program Files (x86)\Microsoft Visual Studio\2019\Community\Common7\IDE\CommonExtensions\Microsoft\CMake\CMake\bin\cmake.exe" -E vs_link_exe --intdir=CMakeFiles\cmTC_190ed.dir --rc=C:\PROGRA~2\WI3CF2~1\10\bin\100183~1.0\x64\rc.exe --mt=C:\PROGRA~2\WI3CF2~1\10\bin\100183~1.0\x64\mt.exe --manifests  -- C:\PROGRA~2\MICROS~1\2019\COMMUN~1\VC\Tools\MSVC\1428~1.293\bin\Hostx64\x64\link.exe /nologo CMakeFiles\cmTC_190ed.dir\CheckFunctionExists.c.obj  /out:cmTC_190ed.exe /implib:cmTC_190ed.lib /pdb:cmTC_190ed.pdb /version:0.0 /machine:x64  /debug /INCREMENTAL /subsystem:console  kernel32.lib user32.lib gdi32.lib winspool.lib shell32.lib ole32.lib oleaut32.lib uuid.lib comdlg32.lib advapi32.lib && cd ."
LINK Pass 1: command "C:\PROGRA~2\MICROS~1\2019\COMMUN~1\VC\Tools\MSVC\1428~1.293\bin\Hostx64\x64\link.exe /nologo CMakeFiles\cmTC_190ed.dir\CheckFunctionExists.c.obj /out:cmTC_190ed.exe /implib:cmTC_190ed.lib /pdb:cmTC_190ed.pdb /version:0.0 /machine:x64 /debug /INCREMENTAL /subsystem:console kernel32.lib user32.lib gdi32.lib winspool.lib shell32.lib ole32.lib oleaut32.lib uuid.lib comdlg32.lib advapi32.lib /MANIFEST /MANIFESTFILE:CMakeFiles\cmTC_190ed.dir/intermediate.manifest CMakeFiles\cmTC_190ed.dir/manifest.res" failed (exit code 1120) with the following output:
CheckFunctionExists.c.obj : error LNK2019: symbole externe non rÃ©solu fseeko rÃ©fÃ©rencÃ© dans la fonction main
cmTC_190ed.exe : fatal error LNK1120: 1 externes non rÃ©solus
ninja: build stopped: subcommand failed.



Determining if the include file unistd.h exists failed with the following output:
Change Dir: C:/Users/Simon/Documents/Cours/3A/Prog3D/TD1_RayTraycing/mds3d_td1/out/build/x64-Debug (par dÃ©faut)/CMakeFiles/CMakeTmp

Run Build Command(s):C:/Program Files (x86)/Microsoft Visual Studio/2019/Community/Common7/IDE/CommonExtensions/Microsoft/CMake/Ninja/ninja.exe cmTC_d828b && [1/2] Building C object CMakeFiles\cmTC_d828b.dir\CheckIncludeFile.c.obj
FAILED: CMakeFiles/cmTC_d828b.dir/CheckIncludeFile.c.obj 
C:\PROGRA~2\MICROS~1\2019\COMMUN~1\VC\Tools\MSVC\1428~1.293\bin\Hostx64\x64\cl.exe  /nologo   /DWIN32 /D_WINDOWS /W3  /MDd /Zi /Ob0 /Od /RTC1 /showIncludes /FoCMakeFiles\cmTC_d828b.dir\CheckIncludeFile.c.obj /FdCMakeFiles\cmTC_d828b.dir\ /FS -c CheckIncludeFile.c
CheckIncludeFile.c(1): fatal error C1083: Impossible d'ouvrir le fichier includeÂ : 'unistd.h'Â : No such file or directory
ninja: build stopped: subcommand failed.



Determining if the include file pthread.h exists failed with the following output:
Change Dir: C:/Users/Simon/Documents/Cours/3A/Prog3D/TD1_RayTraycing/mds3d_td1/out/build/x64-Debug (par dÃ©faut)/CMakeFiles/CMakeTmp

Run Build Command(s):C:/Program Files (x86)/Microsoft Visual Studio/2019/Community/Common7/IDE/CommonExtensions/Microsoft/CMake/Ninja/ninja.exe cmTC_e0c1e && [1/2] Building C object CMakeFiles\cmTC_e0c1e.dir\CheckIncludeFile.c.obj
FAILED: CMakeFiles/cmTC_e0c1e.dir/CheckIncludeFile.c.obj 
C:\PROGRA~2\MICROS~1\2019\COMMUN~1\VC\Tools\MSVC\1428~1.293\bin\Hostx64\x64\cl.exe  /nologo   /DWIN32 /D_WINDOWS /W3  /MDd /Zi /Ob0 /Od /RTC1 /showIncludes /FoCMakeFiles\cmTC_e0c1e.dir\CheckIncludeFile.c.obj /FdCMakeFiles\cmTC_e0c1e.dir\ /FS -c CheckIncludeFile.c
CheckIncludeFile.c(1): fatal error C1083: Impossible d'ouvrir le fichier includeÂ : 'pthread.h'Â : No such file or directory
ninja: build stopped: subcommand failed.



